<?xml version="1.0" encoding="UTF-8"?>
<!-- Generated by org.testng.reporters.JUnitXMLReporter -->
<testsuite hostname="LAPTOP-N3ALFORJ" ignored="2" name="Default test" tests="1" failures="0" timestamp="30 Sep 2018 17:31:54 GMT" time="2.297" errors="0">
  <testcase name="postDataVerify" time="2.204" classname="post_api.GetPostRequest"/>
  <testcase name="postRequest" time="0.0" classname="post_api.GetPostRequest">
    <ignored/>
  </testcase> <!-- postRequest -->
  <testcase name="deleteRequest" time="0.0" classname="post_api.GetPostRequest">
    <ignored/>
  </testcase> <!-- deleteRequest -->
</testsuite> <!-- Default test -->
